  Tracker.cpp
d:\opencv3.1\opencv\build\include\opencv2\core\mat.hpp(1964): warning C4819: 该文件包含不能在当前代码页(936)中表示的字符。请将该文件保存为 Unicode 格式以防止数据丢失
d:\opencv3.1\opencv\build\include\opencv2\core\persistence.hpp : warning C4819: 该文件包含不能在当前代码页(936)中表示的字符。请将该文件保存为 Unicode 格式以防止数据丢失
d:\opencv3.1\opencv\build\include\opencv2\core\utility.hpp : warning C4819: 该文件包含不能在当前代码页(936)中表示的字符。请将该文件保存为 Unicode 格式以防止数据丢失
d:\opencv3.1\opencv\build\include\opencv2\core\utility.hpp : warning C4819: 该文件包含不能在当前代码页(936)中表示的字符。请将该文件保存为 Unicode 格式以防止数据丢失
d:\visual tracker\visual-tracker\visual tracker\visual tracker\bbox.h(7): warning C4244: “=”: 从“const int”转换到“float”，可能丢失数据
d:\visual tracker\visual-tracker\visual tracker\visual tracker\tracker.h(82): warning C4305: “初始化”: 从“double”到“float”截断
d:\visual tracker\visual-tracker\visual tracker\visual tracker\tracker.h(85): warning C4305: “初始化”: 从“double”到“float”截断
d:\visual tracker\visual-tracker\visual tracker\visual tracker\tracker.h(86): warning C4305: “初始化”: 从“double”到“float”截断
d:\visual tracker\visual-tracker\visual tracker\visual tracker\tracker.cpp(16): warning C4244: “初始化”: 从“double”转换到“float”，可能丢失数据
d:\visual tracker\visual-tracker\visual tracker\visual tracker\tracker.cpp(19): warning C4244: “初始化”: 从“double”转换到“float”，可能丢失数据
d:\visual tracker\visual-tracker\visual tracker\visual tracker\tracker.cpp(39): warning C4244: “参数”: 从“float”转换到“int”，可能丢失数据
d:\visual tracker\visual-tracker\visual tracker\visual tracker\tracker.cpp(84): warning C4244: “初始化”: 从“double”转换到“float”，可能丢失数据
d:\visual tracker\visual-tracker\visual tracker\visual tracker\tracker.cpp(87): warning C4244: “=”: 从“double”转换到“float”，可能丢失数据
d:\visual tracker\visual-tracker\visual tracker\visual tracker\tracker.cpp(97): warning C4244: “参数”: 从“double”转换到“int”，可能丢失数据
d:\visual tracker\visual-tracker\visual tracker\visual tracker\tracker.cpp(98): warning C4244: “参数”: 从“double”转换到“int”，可能丢失数据
d:\visual tracker\visual-tracker\visual tracker\visual tracker\tracker.cpp(108): warning C4067: 预处理器指令后有意外标记 - 应输入换行符
d:\visual tracker\visual-tracker\visual tracker\visual tracker\tracker.cpp(109): warning C4067: 预处理器指令后有意外标记 - 应输入换行符
d:\visual tracker\visual-tracker\visual tracker\visual tracker\tracker.cpp(125): warning C4267: “初始化”: 从“size_t”转换到“int”，可能丢失数据
d:\visual tracker\visual-tracker\visual tracker\visual tracker\tracker.cpp(192): warning C4244: “=”: 从“int”转换到“float”，可能丢失数据
d:\visual tracker\visual-tracker\visual tracker\visual tracker\tracker.cpp(193): warning C4244: “=”: 从“int”转换到“float”，可能丢失数据
d:\visual tracker\visual-tracker\visual tracker\visual tracker\tracker.cpp(198): warning C4244: “参数”: 从“float”转换到“int”，可能丢失数据
d:\visual tracker\visual-tracker\visual tracker\visual tracker\tracker.cpp(215): warning C4244: “=”: 从“double”转换到“int”，可能丢失数据
d:\visual tracker\visual-tracker\visual tracker\visual tracker\tracker.cpp(216): warning C4244: “=”: 从“double”转换到“int”，可能丢失数据
d:\visual tracker\visual-tracker\visual tracker\visual tracker\tracker.cpp(217): warning C4244: “=”: 从“double”转换到“int”，可能丢失数据
d:\visual tracker\visual-tracker\visual tracker\visual tracker\tracker.cpp(218): warning C4244: “=”: 从“double”转换到“int”，可能丢失数据
d:\visual tracker\visual-tracker\visual tracker\visual tracker\tracker.cpp(221): warning C4244: “=”: 从“float”转换到“int”，可能丢失数据
d:\visual tracker\visual-tracker\visual tracker\visual tracker\tracker.cpp(222): warning C4244: “=”: 从“float”转换到“int”，可能丢失数据
d:\visual tracker\visual-tracker\visual tracker\visual tracker\tracker.cpp(224): warning C4244: “初始化”: 从“double”转换到“float”，可能丢失数据
d:\visual tracker\visual-tracker\visual tracker\visual tracker\tracker.cpp(296): warning C4267: “初始化”: 从“size_t”转换到“int”，可能丢失数据
d:\visual tracker\visual-tracker\visual tracker\visual tracker\tracker.cpp(313): warning C4267: “初始化”: 从“size_t”转换到“int”，可能丢失数据
d:\visual tracker\visual-tracker\visual tracker\visual tracker\tracker.cpp(317): warning C4244: “+=”: 从“double”转换到“float”，可能丢失数据
d:\visual tracker\visual-tracker\visual tracker\visual tracker\tracker.cpp(318): warning C4244: “+=”: 从“double”转换到“float”，可能丢失数据
d:\visual tracker\visual-tracker\visual tracker\visual tracker\tracker.cpp(347): warning C4244: “=”: 从“float”转换到“int”，可能丢失数据
d:\visual tracker\visual-tracker\visual tracker\visual tracker\tracker.cpp(348): warning C4244: “=”: 从“float”转换到“int”，可能丢失数据
d:\visual tracker\visual-tracker\visual tracker\visual tracker\tracker.cpp(354): warning C4244: “参数”: 从“double”转换到“int”，可能丢失数据
d:\visual tracker\visual-tracker\visual tracker\visual tracker\tracker.cpp(357): warning C4244: “初始化”: 从“double”转换到“int”，可能丢失数据
d:\visual tracker\visual-tracker\visual tracker\visual tracker\tracker.cpp(358): warning C4244: “=”: 从“double”转换到“int”，可能丢失数据
d:\visual tracker\visual-tracker\visual tracker\visual tracker\tracker.cpp(364): warning C4244: “=”: 从“double”转换到“int”，可能丢失数据
d:\visual tracker\visual-tracker\visual tracker\visual tracker\tracker.cpp(365): warning C4244: “=”: 从“double”转换到“int”，可能丢失数据
d:\visual tracker\visual-tracker\visual tracker\visual tracker\tracker.cpp(373): warning C4244: “初始化”: 从“double”转换到“float”，可能丢失数据
  正在生成代码
  0 of 689 functions ( 0.0%) were compiled, the rest were copied from previous compilation.
    0 functions were new in current compilation
    18 functions had inline decision re-evaluated but remain unchanged
  已完成代码的生成
  Visual Tracker.vcxproj -> D:\Visual Tracker\Visual-Tracker\Visual Tracker\x64\Release\Visual Tracker.exe
