  stdafx.cpp
  gradientMex.cpp
  Sequences.cpp
d:\opencv3.1\opencv\build\include\opencv2\core\mat.hpp(1964): warning C4819: 该文件包含不能在当前代码页(936)中表示的字符。请将该文件保存为 Unicode 格式以防止数据丢失
d:\opencv3.1\opencv\build\include\opencv2\core\persistence.hpp : warning C4819: 该文件包含不能在当前代码页(936)中表示的字符。请将该文件保存为 Unicode 格式以防止数据丢失
d:\opencv3.1\opencv\build\include\opencv2\core\utility.hpp : warning C4819: 该文件包含不能在当前代码页(936)中表示的字符。请将该文件保存为 Unicode 格式以防止数据丢失
d:\opencv3.1\opencv\build\include\opencv2\core\utility.hpp : warning C4819: 该文件包含不能在当前代码页(936)中表示的字符。请将该文件保存为 Unicode 格式以防止数据丢失
  main.cpp
d:\opencv3.1\opencv\build\include\opencv2\core\mat.hpp(1964): warning C4819: 该文件包含不能在当前代码页(936)中表示的字符。请将该文件保存为 Unicode 格式以防止数据丢失
d:\opencv3.1\opencv\build\include\opencv2\core\persistence.hpp : warning C4819: 该文件包含不能在当前代码页(936)中表示的字符。请将该文件保存为 Unicode 格式以防止数据丢失
d:\opencv3.1\opencv\build\include\opencv2\core\utility.hpp : warning C4819: 该文件包含不能在当前代码页(936)中表示的字符。请将该文件保存为 Unicode 格式以防止数据丢失
d:\opencv3.1\opencv\build\include\opencv2\core\utility.hpp : warning C4819: 该文件包含不能在当前代码页(936)中表示的字符。请将该文件保存为 Unicode 格式以防止数据丢失
d:\visual tracker\visual-tracker\visual tracker\visual tracker\tracker.h(38): warning C4305: “初始化”: 从“double”到“float”截断
d:\visual tracker\visual-tracker\visual tracker\visual tracker\tracker.h(41): warning C4305: “初始化”: 从“double”到“float”截断
d:\visual tracker\visual-tracker\visual tracker\visual tracker\tracker.h(42): warning C4305: “初始化”: 从“double”到“float”截断
  Tracker.cpp
d:\opencv3.1\opencv\build\include\opencv2\core\mat.hpp(1964): warning C4819: 该文件包含不能在当前代码页(936)中表示的字符。请将该文件保存为 Unicode 格式以防止数据丢失
d:\opencv3.1\opencv\build\include\opencv2\core\persistence.hpp : warning C4819: 该文件包含不能在当前代码页(936)中表示的字符。请将该文件保存为 Unicode 格式以防止数据丢失
d:\opencv3.1\opencv\build\include\opencv2\core\utility.hpp : warning C4819: 该文件包含不能在当前代码页(936)中表示的字符。请将该文件保存为 Unicode 格式以防止数据丢失
d:\opencv3.1\opencv\build\include\opencv2\core\utility.hpp : warning C4819: 该文件包含不能在当前代码页(936)中表示的字符。请将该文件保存为 Unicode 格式以防止数据丢失
d:\visual tracker\visual-tracker\visual tracker\visual tracker\tracker.h(38): warning C4305: “初始化”: 从“double”到“float”截断
d:\visual tracker\visual-tracker\visual tracker\visual tracker\tracker.h(41): warning C4305: “初始化”: 从“double”到“float”截断
d:\visual tracker\visual-tracker\visual tracker\visual tracker\tracker.h(42): warning C4305: “初始化”: 从“double”到“float”截断
d:\visual tracker\visual-tracker\visual tracker\visual tracker\tracker.cpp(19): warning C4244: “=”: 从“float”转换到“int”，可能丢失数据
d:\visual tracker\visual-tracker\visual tracker\visual tracker\tracker.cpp(20): warning C4244: “=”: 从“float”转换到“int”，可能丢失数据
d:\visual tracker\visual-tracker\visual tracker\visual tracker\tracker.cpp(22): warning C4244: “=”: 从“float”转换到“int”，可能丢失数据
d:\visual tracker\visual-tracker\visual tracker\visual tracker\tracker.cpp(23): warning C4244: “=”: 从“float”转换到“int”，可能丢失数据
d:\visual tracker\visual-tracker\visual tracker\visual tracker\tracker.cpp(26): warning C4244: “=”: 从“float”转换到“int”，可能丢失数据
d:\visual tracker\visual-tracker\visual tracker\visual tracker\tracker.cpp(27): warning C4244: “=”: 从“float”转换到“int”，可能丢失数据
d:\visual tracker\visual-tracker\visual tracker\visual tracker\tracker.cpp(29): warning C4244: “初始化”: 从“double”转换到“float”，可能丢失数据
d:\visual tracker\visual-tracker\visual tracker\visual tracker\tracker.cpp(54): warning C4018: “<”: 有符号/无符号不匹配
d:\visual tracker\visual-tracker\visual tracker\visual tracker\tracker.cpp(71): warning C4018: “<”: 有符号/无符号不匹配
d:\visual tracker\visual-tracker\visual tracker\visual tracker\tracker.cpp(105): warning C4244: “=”: 从“double”转换到“float”，可能丢失数据
d:\visual tracker\visual-tracker\visual tracker\visual tracker\tracker.cpp(124): warning C4244: “参数”: 从“double”转换到“int”，可能丢失数据
d:\visual tracker\visual-tracker\visual tracker\visual tracker\tracker.cpp(169): warning C4244: “初始化”: 从“double”转换到“float”，可能丢失数据
d:\visual tracker\visual-tracker\visual tracker\visual tracker\tracker.cpp(172): warning C4244: “=”: 从“double”转换到“float”，可能丢失数据
d:\visual tracker\visual-tracker\visual tracker\visual tracker\tracker.cpp(262): warning C4244: “=”: 从“int”转换到“float”，可能丢失数据
d:\visual tracker\visual-tracker\visual tracker\visual tracker\tracker.cpp(263): warning C4244: “=”: 从“int”转换到“float”，可能丢失数据
d:\visual tracker\visual-tracker\visual tracker\visual tracker\tracker.cpp(268): warning C4244: “参数”: 从“float”转换到“int”，可能丢失数据
  Visual Tracker.cpp
d:\opencv3.1\opencv\build\include\opencv2\core\mat.hpp(1964): warning C4819: 该文件包含不能在当前代码页(936)中表示的字符。请将该文件保存为 Unicode 格式以防止数据丢失
d:\opencv3.1\opencv\build\include\opencv2\core\persistence.hpp : warning C4819: 该文件包含不能在当前代码页(936)中表示的字符。请将该文件保存为 Unicode 格式以防止数据丢失
d:\opencv3.1\opencv\build\include\opencv2\core\utility.hpp : warning C4819: 该文件包含不能在当前代码页(936)中表示的字符。请将该文件保存为 Unicode 格式以防止数据丢失
d:\opencv3.1\opencv\build\include\opencv2\core\utility.hpp : warning C4819: 该文件包含不能在当前代码页(936)中表示的字符。请将该文件保存为 Unicode 格式以防止数据丢失
d:\visual tracker\visual-tracker\visual tracker\visual tracker\tracker.h(38): warning C4305: “初始化”: 从“double”到“float”截断
d:\visual tracker\visual-tracker\visual tracker\visual tracker\tracker.h(41): warning C4305: “初始化”: 从“double”到“float”截断
d:\visual tracker\visual-tracker\visual tracker\visual tracker\tracker.h(42): warning C4305: “初始化”: 从“double”到“float”截断
  正在生成代码...
Tracker.obj : error LNK2019: 无法解析的外部符号 "void __cdecl cv::fastFree(void *)" (?fastFree@cv@@YAXPAX@Z)，该符号在函数 "public: __thiscall cv::Mat::~Mat(void)" (??1Mat@cv@@QAE@XZ) 中被引用
Tracker.obj : error LNK2019: 无法解析的外部符号 "private: char * __thiscall cv::String::allocate(unsigned int)" (?allocate@String@cv@@AAEPADI@Z)，该符号在函数 "public: __thiscall cv::String::String(class std::basic_string<char,struct std::char_traits<char>,class std::allocator<char> > const &)" (??0String@cv@@QAE@ABV?$basic_string@DU?$char_traits@D@std@@V?$allocator@D@2@@std@@@Z) 中被引用
Tracker.obj : error LNK2019: 无法解析的外部符号 "private: void __thiscall cv::String::deallocate(void)" (?deallocate@String@cv@@AAEXXZ)，该符号在函数 "public: __thiscall cv::String::~String(void)" (??1String@cv@@QAE@XZ) 中被引用
Tracker.obj : error LNK2019: 无法解析的外部符号 "void __cdecl cv::error(int,class cv::String const &,char const *,char const *,int)" (?error@cv@@YAXHABVString@1@PBD1H@Z)，该符号在函数 "public: float & __thiscall cv::Mat::at<float>(int,int)" (??$at@M@Mat@cv@@QAEAAMHH@Z) 中被引用
Tracker.obj : error LNK2019: 无法解析的外部符号 "class cv::_InputOutputArray const & __cdecl cv::noArray(void)" (?noArray@cv@@YAABV_InputOutputArray@1@XZ)，该符号在函数 "class cv::Mat & __cdecl cv::operator+=(class cv::Mat &,class cv::Mat const &)" (??Ycv@@YAAAVMat@0@AAV10@ABV10@@Z) 中被引用
Tracker.obj : error LNK2019: 无法解析的外部符号 "public: __thiscall cv::Mat::Mat(class cv::Mat const &,class cv::Rect_<int> const &)" (??0Mat@cv@@QAE@ABV01@ABV?$Rect_@H@1@@Z)，该符号在函数 "public: class cv::Mat __thiscall KCF::CircShift(class cv::Mat,class cv::Size_<int>)const " (?CircShift@KCF@@QBE?AVMat@cv@@V23@V?$Size_@H@3@@Z) 中被引用
Tracker.obj : error LNK2019: 无法解析的外部符号 "public: void __thiscall cv::Mat::copyTo(class cv::_OutputArray const &)const " (?copyTo@Mat@cv@@QBEXABV_OutputArray@2@@Z)，该符号在函数 "public: __thiscall cv::Mat::operator<class cv::Mat> class std::vector<class cv::Mat,class std::allocator<class cv::Mat> >(void)const " (??$?BVMat@cv@@@Mat@cv@@QBE?AV?$vector@VMat@cv@@V?$allocator@VMat@cv@@@std@@@std@@XZ) 中被引用
Tracker.obj : error LNK2019: 无法解析的外部符号 "public: class cv::MatExpr __thiscall cv::Mat::t(void)const " (?t@Mat@cv@@QBE?AVMatExpr@2@XZ)，该符号在函数 "public: class cv::Mat __thiscall KCF::CreateGaussian2D(class cv::Size_<int>,float)const " (?CreateGaussian2D@KCF@@QBE?AVMat@cv@@V?$Size_@H@3@M@Z) 中被引用
Tracker.obj : error LNK2019: 无法解析的外部符号 "public: class cv::MatExpr __thiscall cv::Mat::mul(class cv::_InputArray const &,double)const " (?mul@Mat@cv@@QBE?AVMatExpr@2@ABV_InputArray@2@N@Z)，该符号在函数 "public: class cv::Mat __thiscall KCF::div_pointwise(class cv::Mat,class cv::Mat)const " (?div_pointwise@KCF@@QBE?AVMat@cv@@V23@0@Z) 中被引用
Tracker.obj : error LNK2019: 无法解析的外部符号 "public: void __thiscall cv::Mat::create(int,int const *,int)" (?create@Mat@cv@@QAEXHPBHH@Z)，该符号在函数 "public: void __thiscall cv::Mat::create(int,int,int)" (?create@Mat@cv@@QAEXHHH@Z) 中被引用
Tracker.obj : error LNK2019: 无法解析的外部符号 "public: void __thiscall cv::Mat::deallocate(void)" (?deallocate@Mat@cv@@QAEXXZ)，该符号在函数 "public: void __thiscall cv::Mat::release(void)" (?release@Mat@cv@@QAEXXZ) 中被引用
Tracker.obj : error LNK2019: 无法解析的外部符号 "public: void __thiscall cv::Mat::copySize(class cv::Mat const &)" (?copySize@Mat@cv@@QAEXABV12@@Z)，该符号在函数 "public: __thiscall cv::Mat::Mat(class cv::Mat const &)" (??0Mat@cv@@QAE@ABV01@@Z) 中被引用
Tracker.obj : error LNK2019: 无法解析的外部符号 "class cv::MatExpr __cdecl cv::operator+(class cv::Mat const &,class cv::Scalar_<double> const &)" (??Hcv@@YA?AVMatExpr@0@ABVMat@0@ABV?$Scalar_@N@0@@Z)，该符号在函数 "public: virtual void __thiscall KCF::run(class Video *)const " (?run@KCF@@UBEXPAVVideo@@@Z) 中被引用
Tracker.obj : error LNK2019: 无法解析的外部符号 "class cv::MatExpr __cdecl cv::operator+(class cv::MatExpr const &,class cv::MatExpr const &)" (??Hcv@@YA?AVMatExpr@0@ABV10@0@Z)，该符号在函数 "public: class cv::Mat __thiscall KCF::div_pointwise(class cv::Mat,class cv::Mat)const " (?div_pointwise@KCF@@QBE?AVMat@cv@@V23@0@Z) 中被引用
Tracker.obj : error LNK2019: 无法解析的外部符号 "class cv::MatExpr __cdecl cv::operator-(class cv::Scalar_<double> const &,class cv::MatExpr const &)" (??Gcv@@YA?AVMatExpr@0@ABV?$Scalar_@N@0@ABV10@@Z)，该符号在函数 "public: class cv::Mat __thiscall KCF::Gaussian_kernel(class std::vector<class cv::Mat,class std::allocator<class cv::Mat> >,class std::vector<class cv::Mat,class std::allocator<class cv::Mat> >)const " (?Gaussian_kernel@KCF@@QBE?AVMat@cv@@V?$vector@VMat@cv@@V?$allocator@VMat@cv@@@std@@@std@@0@Z) 中被引用
Tracker.obj : error LNK2019: 无法解析的外部符号 "class cv::MatExpr __cdecl cv::operator-(class cv::MatExpr const &,class cv::MatExpr const &)" (??Gcv@@YA?AVMatExpr@0@ABV10@0@Z)，该符号在函数 "public: class cv::Mat __thiscall KCF::div_pointwise(class cv::Mat,class cv::Mat)const " (?div_pointwise@KCF@@QBE?AVMat@cv@@V23@0@Z) 中被引用
Tracker.obj : error LNK2019: 无法解析的外部符号 "class cv::MatExpr __cdecl cv::operator*(double,class cv::Mat const &)" (??Dcv@@YA?AVMatExpr@0@NABVMat@0@@Z)，该符号在函数 "public: class cv::Mat __thiscall KCF::Gaussian_kernel(class std::vector<class cv::Mat,class std::allocator<class cv::Mat> >,class std::vector<class cv::Mat,class std::allocator<class cv::Mat> >)const " (?Gaussian_kernel@KCF@@QBE?AVMat@cv@@V?$vector@VMat@cv@@V?$allocator@VMat@cv@@@std@@@std@@0@Z) 中被引用
Tracker.obj : error LNK2019: 无法解析的外部符号 "class cv::MatExpr __cdecl cv::operator*(class cv::Mat const &,class cv::MatExpr const &)" (??Dcv@@YA?AVMatExpr@0@ABVMat@0@ABV10@@Z)，该符号在函数 "public: class cv::Mat __thiscall KCF::CreateGaussian2D(class cv::Size_<int>,float)const " (?CreateGaussian2D@KCF@@QBE?AVMat@cv@@V?$Size_@H@3@M@Z) 中被引用
Tracker.obj : error LNK2019: 无法解析的外部符号 "class cv::MatExpr __cdecl cv::operator*(double,class cv::MatExpr const &)" (??Dcv@@YA?AVMatExpr@0@NABV10@@Z)，该符号在函数 "public: class cv::Mat __thiscall KCF::Gaussian_kernel(class std::vector<class cv::Mat,class std::allocator<class cv::Mat> >,class std::vector<class cv::Mat,class std::allocator<class cv::Mat> >)const " (?Gaussian_kernel@KCF@@QBE?AVMat@cv@@V?$vector@VMat@cv@@V?$allocator@VMat@cv@@@std@@@std@@0@Z) 中被引用
Tracker.obj : error LNK2019: 无法解析的外部符号 "class cv::MatExpr __cdecl cv::operator/(class cv::Mat const &,class cv::Mat const &)" (??Kcv@@YA?AVMatExpr@0@ABVMat@0@0@Z)，该符号在函数 "public: class cv::Mat __thiscall KCF::div_pointwise(class cv::Mat,class cv::Mat)const " (?div_pointwise@KCF@@QBE?AVMat@cv@@V23@0@Z) 中被引用
Tracker.obj : error LNK2019: 无法解析的外部符号 "class cv::MatExpr __cdecl cv::operator/(class cv::MatExpr const &,double)" (??Kcv@@YA?AVMatExpr@0@ABV10@N@Z)，该符号在函数 "public: class cv::Mat __thiscall KCF::Gaussian_kernel(class std::vector<class cv::Mat,class std::allocator<class cv::Mat> >,class std::vector<class cv::Mat,class std::allocator<class cv::Mat> >)const " (?Gaussian_kernel@KCF@@QBE?AVMat@cv@@V?$vector@VMat@cv@@V?$allocator@VMat@cv@@@std@@@std@@0@Z) 中被引用
Tracker.obj : error LNK2019: 无法解析的外部符号 "class cv::MatExpr __cdecl cv::max(double,class cv::Mat const &)" (?max@cv@@YA?AVMatExpr@1@NABVMat@1@@Z)，该符号在函数 "public: class cv::Mat __thiscall KCF::Gaussian_kernel(class std::vector<class cv::Mat,class std::allocator<class cv::Mat> >,class std::vector<class cv::Mat,class std::allocator<class cv::Mat> >)const " (?Gaussian_kernel@KCF@@QBE?AVMat@cv@@V?$vector@VMat@cv@@V?$allocator@VMat@cv@@@std@@@std@@0@Z) 中被引用
Tracker.obj : error LNK2019: 无法解析的外部符号 "void __cdecl cv::add(class cv::_InputArray const &,class cv::_InputArray const &,class cv::_OutputArray const &,class cv::_InputArray const &,int)" (?add@cv@@YAXABV_InputArray@1@0ABV_OutputArray@1@0H@Z)，该符号在函数 "class cv::Mat & __cdecl cv::operator+=(class cv::Mat &,class cv::Mat const &)" (??Ycv@@YAAAVMat@0@AAV10@ABV10@@Z) 中被引用
Tracker.obj : error LNK2019: 无法解析的外部符号 "double __cdecl cv::norm(class cv::_InputArray const &,int,class cv::_InputArray const &)" (?norm@cv@@YANABV_InputArray@1@H0@Z)，该符号在函数 "public: class cv::Mat __thiscall KCF::Gaussian_kernel(class std::vector<class cv::Mat,class std::allocator<class cv::Mat> >,class std::vector<class cv::Mat,class std::allocator<class cv::Mat> >)const " (?Gaussian_kernel@KCF@@QBE?AVMat@cv@@V?$vector@VMat@cv@@V?$allocator@VMat@cv@@@std@@@std@@0@Z) 中被引用
Tracker.obj : error LNK2019: 无法解析的外部符号 "void __cdecl cv::merge(class cv::_InputArray const &,class cv::_OutputArray const &)" (?merge@cv@@YAXABV_InputArray@1@ABV_OutputArray@1@@Z)，该符号在函数 "public: class cv::Mat __thiscall KCF::div_pointwise(class cv::Mat,class cv::Mat)const " (?div_pointwise@KCF@@QBE?AVMat@cv@@V23@0@Z) 中被引用
Tracker.obj : error LNK2019: 无法解析的外部符号 "void __cdecl cv::split(class cv::_InputArray const &,class cv::_OutputArray const &)" (?split@cv@@YAXABV_InputArray@1@ABV_OutputArray@1@@Z)，该符号在函数 "public: class cv::Mat __thiscall KCF::div_pointwise(class cv::Mat,class cv::Mat)const " (?div_pointwise@KCF@@QBE?AVMat@cv@@V23@0@Z) 中被引用
Tracker.obj : error LNK2019: 无法解析的外部符号 "void __cdecl cv::hconcat(class cv::_InputArray const &,class cv::_InputArray const &,class cv::_OutputArray const &)" (?hconcat@cv@@YAXABV_InputArray@1@0ABV_OutputArray@1@@Z)，该符号在函数 "public: class cv::Mat __thiscall KCF::CircShift(class cv::Mat,class cv::Size_<int>)const " (?CircShift@KCF@@QBE?AVMat@cv@@V23@V?$Size_@H@3@@Z) 中被引用
Tracker.obj : error LNK2019: 无法解析的外部符号 "void __cdecl cv::vconcat(class cv::_InputArray const &,class cv::_InputArray const &,class cv::_OutputArray const &)" (?vconcat@cv@@YAXABV_InputArray@1@0ABV_OutputArray@1@@Z)，该符号在函数 "public: class cv::Mat __thiscall KCF::CircShift(class cv::Mat,class cv::Size_<int>)const " (?CircShift@KCF@@QBE?AVMat@cv@@V23@V?$Size_@H@3@@Z) 中被引用
Tracker.obj : error LNK2019: 无法解析的外部符号 "void __cdecl cv::exp(class cv::_InputArray const &,class cv::_OutputArray const &)" (?exp@cv@@YAXABV_InputArray@1@ABV_OutputArray@1@@Z)，该符号在函数 "public: class cv::Mat __thiscall KCF::Gaussian_kernel(class std::vector<class cv::Mat,class std::allocator<class cv::Mat> >,class std::vector<class cv::Mat,class std::allocator<class cv::Mat> >)const " (?Gaussian_kernel@KCF@@QBE?AVMat@cv@@V?$vector@VMat@cv@@V?$allocator@VMat@cv@@@std@@@std@@0@Z) 中被引用
Tracker.obj : error LNK2019: 无法解析的外部符号 "void __cdecl cv::dft(class cv::_InputArray const &,class cv::_OutputArray const &,int,int)" (?dft@cv@@YAXABV_InputArray@1@ABV_OutputArray@1@HH@Z)，该符号在函数 "public: class cv::Mat __thiscall KCF::Gaussian_kernel(class std::vector<class cv::Mat,class std::allocator<class cv::Mat> >,class std::vector<class cv::Mat,class std::allocator<class cv::Mat> >)const " (?Gaussian_kernel@KCF@@QBE?AVMat@cv@@V?$vector@VMat@cv@@V?$allocator@VMat@cv@@@std@@@std@@0@Z) 中被引用
Tracker.obj : error LNK2019: 无法解析的外部符号 "void __cdecl cv::idft(class cv::_InputArray const &,class cv::_OutputArray const &,int,int)" (?idft@cv@@YAXABV_InputArray@1@ABV_OutputArray@1@HH@Z)，该符号在函数 "public: class cv::Mat __thiscall KCF::Gaussian_kernel(class std::vector<class cv::Mat,class std::allocator<class cv::Mat> >,class std::vector<class cv::Mat,class std::allocator<class cv::Mat> >)const " (?Gaussian_kernel@KCF@@QBE?AVMat@cv@@V?$vector@VMat@cv@@V?$allocator@VMat@cv@@@std@@@std@@0@Z) 中被引用
Tracker.obj : error LNK2019: 无法解析的外部符号 "void __cdecl cv::mulSpectrums(class cv::_InputArray const &,class cv::_InputArray const &,class cv::_OutputArray const &,int,bool)" (?mulSpectrums@cv@@YAXABV_InputArray@1@0ABV_OutputArray@1@H_N@Z)，该符号在函数 "public: class cv::Mat __thiscall KCF::Gaussian_kernel(class std::vector<class cv::Mat,class std::allocator<class cv::Mat> >,class std::vector<class cv::Mat,class std::allocator<class cv::Mat> >)const " (?Gaussian_kernel@KCF@@QBE?AVMat@cv@@V?$vector@VMat@cv@@V?$allocator@VMat@cv@@@std@@@std@@0@Z) 中被引用
Tracker.obj : error LNK2019: 无法解析的外部符号 "void __cdecl cv::cvtColor(class cv::_InputArray const &,class cv::_OutputArray const &,int,int)" (?cvtColor@cv@@YAXABV_InputArray@1@ABV_OutputArray@1@HH@Z)，该符号在函数 "public: virtual void __thiscall KCF::run(class Video *)const " (?run@KCF@@UBEXPAVVideo@@@Z) 中被引用
Tracker.obj : error LNK2019: 无法解析的外部符号 "class cv::Mat __cdecl cv::imread(class cv::String const &,int)" (?imread@cv@@YA?AVMat@1@ABVString@1@H@Z)，该符号在函数 "public: virtual void __thiscall KCF::run(class Video *)const " (?run@KCF@@UBEXPAVVideo@@@Z) 中被引用
Tracker.obj : error LNK2019: 无法解析的外部符号 "void __cdecl cv::namedWindow(class cv::String const &,int)" (?namedWindow@cv@@YAXABVString@1@H@Z)，该符号在函数 "public: virtual void __thiscall KCF::run(class Video *)const " (?run@KCF@@UBEXPAVVideo@@@Z) 中被引用
Tracker.obj : error LNK2019: 无法解析的外部符号 "void __cdecl cv::imshow(class cv::String const &,class cv::_InputArray const &)" (?imshow@cv@@YAXABVString@1@ABV_InputArray@1@@Z)，该符号在函数 "public: virtual void __thiscall KCF::run(class Video *)const " (?run@KCF@@UBEXPAVVideo@@@Z) 中被引用
D:\opencv3.1\opencv\build\x64\vc14\lib\opencv_world310d.lib : warning LNK4272: 库计算机类型“x64”与目标计算机类型“x86”冲突
D:\opencv3.1\opencv\build\x64\vc14\lib\opencv_world310.lib : warning LNK4272: 库计算机类型“x64”与目标计算机类型“x86”冲突
D:\Visual Tracker\Visual-Tracker\Visual Tracker\Debug\Visual Tracker.exe : fatal error LNK1120: 36 个无法解析的外部命令
